Performing C SOURCE FILE Test CMAKE_HAVE_LIBC_PTHREAD failed with the following output:
Change Dir: /media/psf/Home/Desktop/2021-2/Database_Systems(2)/Project/Project2_DiskSpaceManager/db_project/CMakeFiles/CMakeTmp

Run Build Command(s):/usr/bin/make -f Makefile cmTC_3d26c/fast && make: Warning: File 'Makefile' has modification time 0.0054 s in the future
/usr/bin/make  -f CMakeFiles/cmTC_3d26c.dir/build.make CMakeFiles/cmTC_3d26c.dir/build
make[1]: Entering directory '/media/psf/Home/Desktop/2021-2/Database_Systems(2)/Project/Project2_DiskSpaceManager/db_project/CMakeFiles/CMakeTmp'
make[1]: Warning: File 'CMakeFiles/cmTC_3d26c.dir/flags.make' has modification time 0.00072 s in the future
Building C object CMakeFiles/cmTC_3d26c.dir/src.c.o
/usr/bin/cc -DCMAKE_HAVE_LIBC_PTHREAD   -o CMakeFiles/cmTC_3d26c.dir/src.c.o -c "/media/psf/Home/Desktop/2021-2/Database_Systems(2)/Project/Project2_DiskSpaceManager/db_project/CMakeFiles/CMakeTmp/src.c"
Linking C executable cmTC_3d26c
/usr/local/bin/cmake -E cmake_link_script CMakeFiles/cmTC_3d26c.dir/link.txt --verbose=1
/usr/bin/cc CMakeFiles/cmTC_3d26c.dir/src.c.o -o cmTC_3d26c 
CMakeFiles/cmTC_3d26c.dir/src.c.o: In function `main':
src.c:(.text+0x3e): undefined reference to `pthread_create'
src.c:(.text+0x4a): undefined reference to `pthread_detach'
src.c:(.text+0x56): undefined reference to `pthread_cancel'
src.c:(.text+0x67): undefined reference to `pthread_join'
src.c:(.text+0x7b): undefined reference to `pthread_atfork'
collect2: error: ld returned 1 exit status
CMakeFiles/cmTC_3d26c.dir/build.make:98: recipe for target 'cmTC_3d26c' failed
make[1]: *** [cmTC_3d26c] Error 1
make[1]: Leaving directory '/media/psf/Home/Desktop/2021-2/Database_Systems(2)/Project/Project2_DiskSpaceManager/db_project/CMakeFiles/CMakeTmp'
Makefile:127: recipe for target 'cmTC_3d26c/fast' failed
make: *** [cmTC_3d26c/fast] Error 2


Source file was:
#include <pthread.h>

static void* test_func(void* data)
{
  return data;
}

int main(void)
{
  pthread_t thread;
  pthread_create(&thread, NULL, test_func, NULL);
  pthread_detach(thread);
  pthread_cancel(thread);
  pthread_join(thread, NULL);
  pthread_atfork(NULL, NULL, NULL);
  pthread_exit(NULL);

  return 0;
}

Determining if the function pthread_create exists in the pthreads failed with the following output:
Change Dir: /media/psf/Home/Desktop/2021-2/Database_Systems(2)/Project/Project2_DiskSpaceManager/db_project/CMakeFiles/CMakeTmp

Run Build Command(s):/usr/bin/make -f Makefile cmTC_4fb06/fast && make: Warning: File 'Makefile' has modification time 0.82 s in the future
/usr/bin/make  -f CMakeFiles/cmTC_4fb06.dir/build.make CMakeFiles/cmTC_4fb06.dir/build
make[1]: Entering directory '/media/psf/Home/Desktop/2021-2/Database_Systems(2)/Project/Project2_DiskSpaceManager/db_project/CMakeFiles/CMakeTmp'
make[1]: Warning: File 'CMakeFiles/cmTC_4fb06.dir/flags.make' has modification time 0.82 s in the future
Building C object CMakeFiles/cmTC_4fb06.dir/CheckFunctionExists.c.o
/usr/bin/cc   -DCHECK_FUNCTION_EXISTS=pthread_create -o CMakeFiles/cmTC_4fb06.dir/CheckFunctionExists.c.o -c /usr/local/share/cmake-3.21/Modules/CheckFunctionExists.c
Linking C executable cmTC_4fb06
/usr/local/bin/cmake -E cmake_link_script CMakeFiles/cmTC_4fb06.dir/link.txt --verbose=1
/usr/bin/cc  -DCHECK_FUNCTION_EXISTS=pthread_create CMakeFiles/cmTC_4fb06.dir/CheckFunctionExists.c.o -o cmTC_4fb06  -lpthreads 
/usr/bin/ld: cannot find -lpthreads
collect2: error: ld returned 1 exit status
CMakeFiles/cmTC_4fb06.dir/build.make:98: recipe for target 'cmTC_4fb06' failed
make[1]: *** [cmTC_4fb06] Error 1
make[1]: Leaving directory '/media/psf/Home/Desktop/2021-2/Database_Systems(2)/Project/Project2_DiskSpaceManager/db_project/CMakeFiles/CMakeTmp'
Makefile:127: recipe for target 'cmTC_4fb06/fast' failed
make: *** [cmTC_4fb06/fast] Error 2



